> Task :openApiGenerate UP-TO-DATE
> Task :compileKotlin UP-TO-DATE
> Task :compileJava NO-SOURCE
> Task :processResources UP-TO-DATE
> Task :classes UP-TO-DATE
> Task :resolveMainClassName UP-TO-DATE

> Task :bootRun
2023-09-01T19:26:52.327+03:00  INFO 59424 --- [  restartedMain] a.t.TokenGeneratorApplicationKt            : Starting TokenGeneratorApplicationKt using Java 18.0.2 with PID 59424 (/Users/jakamo/Desktop/studyCase/backend/tokenGenerator/build/classes/kotlin/main started by jakamo in /Users/jakamo/Desktop/studyCase/backend/tokenGenerator)
2023-09-01T19:26:52.328+03:00  INFO 59424 --- [  restartedMain] a.t.TokenGeneratorApplicationKt            : The following 1 profile is active: "development"
2023-09-01T19:26:52.350+03:00  INFO 59424 --- [  restartedMain] .e.DevToolsPropertyDefaultsPostProcessor : Devtools property defaults active! Set 'spring.devtools.add-properties' to 'false' to disable
2023-09-01T19:26:52.350+03:00  INFO 59424 --- [  restartedMain] .e.DevToolsPropertyDefaultsPostProcessor : For additional web related logging consider setting the 'logging.level.web' property to 'DEBUG'
2023-09-01T19:26:52.648+03:00  INFO 59424 --- [  restartedMain] .s.d.r.c.RepositoryConfigurationDelegate : Bootstrapping Spring Data JPA repositories in DEFAULT mode.
2023-09-01T19:26:52.660+03:00  INFO 59424 --- [  restartedMain] .s.d.r.c.RepositoryConfigurationDelegate : Finished Spring Data repository scanning in 8 ms. Found 0 JPA repository interfaces.
2023-09-01T19:26:52.875+03:00  INFO 59424 --- [  restartedMain] o.s.b.w.embedded.tomcat.TomcatWebServer  : Tomcat initialized with port(s): 8180 (http)
2023-09-01T19:26:52.880+03:00  INFO 59424 --- [  restartedMain] o.apache.catalina.core.StandardService   : Starting service [Tomcat]
2023-09-01T19:26:52.880+03:00  INFO 59424 --- [  restartedMain] o.apache.catalina.core.StandardEngine    : Starting Servlet engine: [Apache Tomcat/10.1.7]
2023-09-01T19:26:52.906+03:00  INFO 59424 --- [  restartedMain] o.a.c.c.C.[Tomcat].[localhost].[/]       : Initializing Spring embedded WebApplicationContext
2023-09-01T19:26:52.906+03:00  INFO 59424 --- [  restartedMain] w.s.c.ServletWebServerApplicationContext : Root WebApplicationContext: initialization completed in 556 ms
2023-09-01T19:26:52.925+03:00  INFO 59424 --- [  restartedMain] com.zaxxer.hikari.HikariDataSource       : HikariPool-1 - Starting...
2023-09-01T19:26:52.997+03:00  INFO 59424 --- [  restartedMain] com.zaxxer.hikari.pool.HikariPool        : HikariPool-1 - Added connection conn0: url=jdbc:h2:mem:mydb user=SA
2023-09-01T19:26:52.997+03:00  INFO 59424 --- [  restartedMain] com.zaxxer.hikari.HikariDataSource       : HikariPool-1 - Start completed.
2023-09-01T19:26:53.002+03:00  INFO 59424 --- [  restartedMain] o.s.b.a.h2.H2ConsoleAutoConfiguration    : H2 console available at '/h2-console'. Database available at 'jdbc:h2:mem:mydb'
2023-09-01T19:26:53.053+03:00  INFO 59424 --- [  restartedMain] o.hibernate.jpa.internal.util.LogHelper  : HHH000204: Processing PersistenceUnitInfo [name: default]
2023-09-01T19:26:53.075+03:00  INFO 59424 --- [  restartedMain] org.hibernate.Version                    : HHH000412: Hibernate ORM core version 6.1.7.Final
2023-09-01T19:26:53.205+03:00  INFO 59424 --- [  restartedMain] SQL dialect                              : HHH000400: Using dialect: org.hibernate.dialect.H2Dialect
2023-09-01T19:26:53.313+03:00  INFO 59424 --- [  restartedMain] o.h.e.t.j.p.i.JtaPlatformInitiator       : HHH000490: Using JtaPlatform implementation: [org.hibernate.engine.transaction.jta.platform.internal.NoJtaPlatform]
2023-09-01T19:26:53.317+03:00  INFO 59424 --- [  restartedMain] j.LocalContainerEntityManagerFactoryBean : Initialized JPA EntityManagerFactory for persistence unit 'default'
2023-09-01T19:26:53.543+03:00  INFO 59424 --- [  restartedMain] o.s.b.d.a.OptionalLiveReloadServer       : LiveReload server is running on port 35729
2023-09-01T19:26:53.554+03:00  INFO 59424 --- [  restartedMain] o.s.b.w.embedded.tomcat.TomcatWebServer  : Tomcat started on port(s): 8180 (http) with context path ''
2023-09-01T19:26:53.559+03:00  INFO 59424 --- [  restartedMain] a.t.TokenGeneratorApplicationKt            : Started TokenGeneratorApplicationKt in 1.393 seconds (process running for 1.559)
2023-09-01T19:27:07.713+03:00  INFO 59424 --- [nio-8180-exec-1] o.a.c.c.C.[Tomcat].[localhost].[/]       : Initializing Spring DispatcherServlet 'dispatcherServlet'
2023-09-01T19:27:07.713+03:00  INFO 59424 --- [nio-8180-exec-1] o.s.web.servlet.DispatcherServlet        : Initializing Servlet 'dispatcherServlet'
2023-09-01T19:27:07.715+03:00  INFO 59424 --- [nio-8180-exec-1] o.s.web.servlet.DispatcherServlet        : Completed initialization in 1 ms
3244-4242-4232-4232
3244424242324232
Starting a Gradle Daemon, 1 busy and 2 stopped Daemons could not be reused, use --status for details
> Task :openApiGenerate UP-TO-DATE
> Task :compileKotlin UP-TO-DATE
> Task :compileJava NO-SOURCE
> Task :processResources UP-TO-DATE
> Task :classes UP-TO-DATE
> Task :resolveMainClassName UP-TO-DATE

> Task :bootRun
2023-09-01T19:29:08.490+03:00  INFO 59488 --- [  restartedMain] a.t.TokenGeneratorApplicationKt            : Starting TokenGeneratorApplicationKt using Java 18.0.2 with PID 59488 (/Users/jakamo/Desktop/studyCase/backend/tokenGenerator/build/classes/kotlin/main started by jakamo in /Users/jakamo/Desktop/studyCase/backend/tokenGenerator)
2023-09-01T19:29:08.491+03:00  INFO 59488 --- [  restartedMain] a.t.TokenGeneratorApplicationKt            : The following 1 profile is active: "development"
2023-09-01T19:29:08.512+03:00  INFO 59488 --- [  restartedMain] .e.DevToolsPropertyDefaultsPostProcessor : Devtools property defaults active! Set 'spring.devtools.add-properties' to 'false' to disable
2023-09-01T19:29:08.512+03:00  INFO 59488 --- [  restartedMain] .e.DevToolsPropertyDefaultsPostProcessor : For additional web related logging consider setting the 'logging.level.web' property to 'DEBUG'
2023-09-01T19:29:08.780+03:00  INFO 59488 --- [  restartedMain] .s.d.r.c.RepositoryConfigurationDelegate : Bootstrapping Spring Data JPA repositories in DEFAULT mode.
2023-09-01T19:29:08.795+03:00  INFO 59488 --- [  restartedMain] .s.d.r.c.RepositoryConfigurationDelegate : Finished Spring Data repository scanning in 10 ms. Found 0 JPA repository interfaces.
2023-09-01T19:29:09.010+03:00  INFO 59488 --- [  restartedMain] o.s.b.w.embedded.tomcat.TomcatWebServer  : Tomcat initialized with port(s): 8180 (http)
2023-09-01T19:29:09.015+03:00  INFO 59488 --- [  restartedMain] o.apache.catalina.core.StandardService   : Starting service [Tomcat]
2023-09-01T19:29:09.015+03:00  INFO 59488 --- [  restartedMain] o.apache.catalina.core.StandardEngine    : Starting Servlet engine: [Apache Tomcat/10.1.7]
2023-09-01T19:29:09.040+03:00  INFO 59488 --- [  restartedMain] o.a.c.c.C.[Tomcat].[localhost].[/]       : Initializing Spring embedded WebApplicationContext
2023-09-01T19:29:09.041+03:00  INFO 59488 --- [  restartedMain] w.s.c.ServletWebServerApplicationContext : Root WebApplicationContext: initialization completed in 528 ms
2023-09-01T19:29:09.060+03:00  INFO 59488 --- [  restartedMain] com.zaxxer.hikari.HikariDataSource       : HikariPool-1 - Starting...
2023-09-01T19:29:09.128+03:00  INFO 59488 --- [  restartedMain] com.zaxxer.hikari.pool.HikariPool        : HikariPool-1 - Added connection conn0: url=jdbc:h2:mem:mydb user=SA
2023-09-01T19:29:09.129+03:00  INFO 59488 --- [  restartedMain] com.zaxxer.hikari.HikariDataSource       : HikariPool-1 - Start completed.
2023-09-01T19:29:09.133+03:00  INFO 59488 --- [  restartedMain] o.s.b.a.h2.H2ConsoleAutoConfiguration    : H2 console available at '/h2-console'. Database available at 'jdbc:h2:mem:mydb'
2023-09-01T19:29:09.181+03:00  INFO 59488 --- [  restartedMain] o.hibernate.jpa.internal.util.LogHelper  : HHH000204: Processing PersistenceUnitInfo [name: default]
2023-09-01T19:29:09.201+03:00  INFO 59488 --- [  restartedMain] org.hibernate.Version                    : HHH000412: Hibernate ORM core version 6.1.7.Final
2023-09-01T19:29:09.319+03:00  INFO 59488 --- [  restartedMain] SQL dialect                              : HHH000400: Using dialect: org.hibernate.dialect.H2Dialect
2023-09-01T19:29:09.421+03:00  INFO 59488 --- [  restartedMain] o.h.e.t.j.p.i.JtaPlatformInitiator       : HHH000490: Using JtaPlatform implementation: [org.hibernate.engine.transaction.jta.platform.internal.NoJtaPlatform]
2023-09-01T19:29:09.425+03:00  INFO 59488 --- [  restartedMain] j.LocalContainerEntityManagerFactoryBean : Initialized JPA EntityManagerFactory for persistence unit 'default'
2023-09-01T19:29:09.649+03:00  WARN 59488 --- [  restartedMain] o.s.b.d.a.OptionalLiveReloadServer       : Unable to start LiveReload server
2023-09-01T19:29:09.656+03:00  WARN 59488 --- [  restartedMain] ConfigServletWebServerApplicationContext : Exception encountered during context initialization - cancelling refresh attempt: org.springframework.context.ApplicationContextException: Failed to start bean 'webServerStartStop'
2023-09-01T19:29:09.657+03:00  INFO 59488 --- [  restartedMain] j.LocalContainerEntityManagerFactoryBean : Closing JPA EntityManagerFactory for persistence unit 'default'
2023-09-01T19:29:09.869+03:00  WARN 59488 --- [  restartedMain] o.s.b.f.support.DisposableBeanAdapter    : Invocation of destroy method failed on bean with name 'inMemoryDatabaseShutdownExecutor': org.h2.jdbc.JdbcSQLNonTransientConnectionException: Database is already closed (to disable automatic closing at VM shutdown, add ";DB_CLOSE_ON_EXIT=FALSE" to the db URL) [90121-214]
2023-09-01T19:29:09.871+03:00  INFO 59488 --- [  restartedMain] com.zaxxer.hikari.HikariDataSource       : HikariPool-1 - Shutdown initiated...
2023-09-01T19:29:09.874+03:00  INFO 59488 --- [  restartedMain] com.zaxxer.hikari.HikariDataSource       : HikariPool-1 - Shutdown completed.
2023-09-01T19:29:09.876+03:00  INFO 59488 --- [  restartedMain] o.apache.catalina.core.StandardService   : Stopping service [Tomcat]
2023-09-01T19:29:09.893+03:00  INFO 59488 --- [  restartedMain] .s.b.a.l.ConditionEvaluationReportLogger : 

Error starting ApplicationContext. To display the condition evaluation report re-run your application with 'debug' enabled.
2023-09-01T19:29:09.909+03:00 ERROR 59488 --- [  restartedMain] o.s.b.d.LoggingFailureAnalysisReporter   : 

***************************
APPLICATION FAILED TO START
***************************

Description:

Web server failed to start. Port 8180 was already in use.

Action:

Identify and stop the process that's listening on port 8180 or configure this application to listen on another port.


BUILD SUCCESSFUL in 5s
5 actionable tasks: 1 executed, 4 up-to-date
2023-09-01T19:40:50.359+03:00  INFO 59424 --- [   File Watcher] rtingClassPathChangeChangedEventListener : Restarting due to 19 class path changes (0 additions, 19 deletions, 0 modifications)
2023-09-01T19:40:50.382+03:00  INFO 59424 --- [       Thread-6] o.apache.catalina.core.StandardService   : Stopping service [Tomcat]
2023-09-01T19:40:50.384+03:00  INFO 59424 --- [       Thread-6] o.a.c.c.C.[Tomcat].[localhost].[/]       : Destroying Spring FrameworkServlet 'dispatcherServlet'
2023-09-01T19:40:50.393+03:00  INFO 59424 --- [       Thread-6] j.LocalContainerEntityManagerFactoryBean : Closing JPA EntityManagerFactory for persistence unit 'default'
2023-09-01T19:40:50.611+03:00  WARN 59424 --- [       Thread-6] o.s.b.f.support.DisposableBeanAdapter    : Invocation of destroy method failed on bean with name 'inMemoryDatabaseShutdownExecutor': org.h2.jdbc.JdbcSQLNonTransientConnectionException: Database is already closed (to disable automatic closing at VM shutdown, add ";DB_CLOSE_ON_EXIT=FALSE" to the db URL) [90121-214]
2023-09-01T19:40:50.612+03:00  INFO 59424 --- [       Thread-6] com.zaxxer.hikari.HikariDataSource       : HikariPool-1 - Shutdown initiated...
2023-09-01T19:40:50.615+03:00  INFO 59424 --- [       Thread-6] com.zaxxer.hikari.HikariDataSource       : HikariPool-1 - Shutdown completed.

  .   ____          _            __ _ _
 /\\ / ___'_ __ _ _(_)_ __  __ _ \ \ \ \
( ( )\___ | '_ | '_| | '_ \/ _` | \ \ \ \
 \\/  ___)| |_)| | | | | || (_| |  ) ) ) )
  '  |____| .__|_| |_|_| |_\__, | / / / /
 =========|_|==============|___/=/_/_/_/
 :: Spring Boot ::                (v3.0.5)

2023-09-01T19:40:50.687+03:00  INFO 59424 --- [  restartedMain] a.t.TokenGeneratorApplicationKt            : Starting TokenGeneratorApplicationKt using Java 18.0.2 with PID 59424 (started by jakamo in /Users/jakamo/Desktop/studyCase/backend/tokenGenerator)
2023-09-01T19:40:50.687+03:00  INFO 59424 --- [  restartedMain] a.t.TokenGeneratorApplicationKt            : No active profile set, falling back to 1 default profile: "default"
2023-09-01T19:40:50.770+03:00  INFO 59424 --- [  restartedMain] .s.d.r.c.RepositoryConfigurationDelegate : Bootstrapping Spring Data JPA repositories in DEFAULT mode.
2023-09-01T19:40:50.770+03:00  INFO 59424 --- [  restartedMain] .s.d.r.c.RepositoryConfigurationDelegate : Finished Spring Data repository scanning in 0 ms. Found 0 JPA repository interfaces.
2023-09-01T19:40:50.814+03:00  INFO 59424 --- [  restartedMain] o.s.b.w.embedded.tomcat.TomcatWebServer  : Tomcat initialized with port(s): 8080 (http)
2023-09-01T19:40:50.815+03:00  INFO 59424 --- [  restartedMain] o.apache.catalina.core.StandardService   : Starting service [Tomcat]
2023-09-01T19:40:50.815+03:00  INFO 59424 --- [  restartedMain] o.apache.catalina.core.StandardEngine    : Starting Servlet engine: [Apache Tomcat/10.1.7]
2023-09-01T19:40:50.819+03:00  INFO 59424 --- [  restartedMain] o.a.c.c.C.[Tomcat].[localhost].[/]       : Initializing Spring embedded WebApplicationContext
2023-09-01T19:40:50.819+03:00  INFO 59424 --- [  restartedMain] w.s.c.ServletWebServerApplicationContext : Root WebApplicationContext: initialization completed in 131 ms
2023-09-01T19:40:50.825+03:00  INFO 59424 --- [  restartedMain] com.zaxxer.hikari.HikariDataSource       : HikariPool-2 - Starting...
2023-09-01T19:40:50.826+03:00  INFO 59424 --- [  restartedMain] com.zaxxer.hikari.pool.HikariPool        : HikariPool-2 - Added connection conn10: url=jdbc:h2:mem:84e797e1-5fd8-498b-82bb-c2614e10fbc6 user=SA
2023-09-01T19:40:50.826+03:00  INFO 59424 --- [  restartedMain] com.zaxxer.hikari.HikariDataSource       : HikariPool-2 - Start completed.
2023-09-01T19:40:50.826+03:00  INFO 59424 --- [  restartedMain] o.s.b.a.h2.H2ConsoleAutoConfiguration    : H2 console available at '/h2-console'. Database available at 'jdbc:h2:mem:84e797e1-5fd8-498b-82bb-c2614e10fbc6'
2023-09-01T19:40:50.842+03:00  INFO 59424 --- [  restartedMain] o.hibernate.jpa.internal.util.LogHelper  : HHH000204: Processing PersistenceUnitInfo [name: default]
2023-09-01T19:40:50.845+03:00  INFO 59424 --- [  restartedMain] SQL dialect                              : HHH000400: Using dialect: org.hibernate.dialect.H2Dialect
2023-09-01T19:40:50.851+03:00  INFO 59424 --- [  restartedMain] o.h.e.t.j.p.i.JtaPlatformInitiator       : HHH000490: Using JtaPlatform implementation: [org.hibernate.engine.transaction.jta.platform.internal.NoJtaPlatform]
2023-09-01T19:40:50.852+03:00  INFO 59424 --- [  restartedMain] j.LocalContainerEntityManagerFactoryBean : Initialized JPA EntityManagerFactory for persistence unit 'default'
2023-09-01T19:40:50.868+03:00  WARN 59424 --- [  restartedMain] JpaBaseConfiguration$JpaWebConfiguration : spring.jpa.open-in-view is enabled by default. Therefore, database queries may be performed during view rendering. Explicitly configure spring.jpa.open-in-view to disable this warning
2023-09-01T19:40:50.921+03:00  INFO 59424 --- [  restartedMain] o.s.b.d.a.OptionalLiveReloadServer       : LiveReload server is running on port 35729
2023-09-01T19:40:50.925+03:00  INFO 59424 --- [  restartedMain] o.s.b.w.embedded.tomcat.TomcatWebServer  : Tomcat started on port(s): 8080 (http) with context path ''
2023-09-01T19:40:50.927+03:00  INFO 59424 --- [  restartedMain] a.t.TokenGeneratorApplicationKt            : Started TokenGeneratorApplicationKt in 0.254 seconds (process running for 839.017)
2023-09-01T20:07:41.579+03:00  WARN 59424 --- [l-2 housekeeper] com.zaxxer.hikari.pool.HikariPool        : HikariPool-2 - Thread starvation or clock leap detected (housekeeper delta=16m20s633ms).
2023-09-01T21:30:16.597+03:00  WARN 59424 --- [l-2 housekeeper] com.zaxxer.hikari.pool.HikariPool        : HikariPool-2 - Thread starvation or clock leap detected (housekeeper delta=1h22m35s20ms).
2023-09-01T22:50:59.331+03:00  WARN 59424 --- [l-2 housekeeper] com.zaxxer.hikari.pool.HikariPool        : HikariPool-2 - Thread starvation or clock leap detected (housekeeper delta=1h20m42s734ms).
2023-09-02T00:12:17.886+03:00  WARN 59424 --- [l-2 housekeeper] com.zaxxer.hikari.pool.HikariPool        : HikariPool-2 - Thread starvation or clock leap detected (housekeeper delta=1h21m18s555ms).
2023-09-02T00:58:51.315+03:00  WARN 59424 --- [l-2 housekeeper] com.zaxxer.hikari.pool.HikariPool        : HikariPool-2 - Thread starvation or clock leap detected (housekeeper delta=46m33s428ms).
2023-09-02T01:46:21.140+03:00  WARN 59424 --- [l-2 housekeeper] com.zaxxer.hikari.pool.HikariPool        : HikariPool-2 - Thread starvation or clock leap detected (housekeeper delta=47m29s826ms).
2023-09-02T02:15:30.730+03:00  WARN 59424 --- [l-2 housekeeper] com.zaxxer.hikari.pool.HikariPool        : HikariPool-2 - Thread starvation or clock leap detected (housekeeper delta=29m9s590ms).
2023-09-02T02:40:54.703+03:00  WARN 59424 --- [l-2 housekeeper] com.zaxxer.hikari.pool.HikariPool        : HikariPool-2 - Thread starvation or clock leap detected (housekeeper delta=25m23s973ms).
2023-09-02T03:04:45.439+03:00  WARN 59424 --- [l-2 housekeeper] com.zaxxer.hikari.pool.HikariPool        : HikariPool-2 - Thread starvation or clock leap detected (housekeeper delta=23m50s736ms).
2023-09-02T04:26:44.768+03:00  WARN 59424 --- [l-2 housekeeper] com.zaxxer.hikari.pool.HikariPool        : HikariPool-2 - Thread starvation or clock leap detected (housekeeper delta=1h21m59s328ms).
2023-09-02T06:07:21.639+03:00  WARN 59424 --- [l-2 housekeeper] com.zaxxer.hikari.pool.HikariPool        : HikariPool-2 - Thread starvation or clock leap detected (housekeeper delta=1h40m36s872ms).
2023-09-02T06:54:59.607+03:00  WARN 59424 --- [l-2 housekeeper] com.zaxxer.hikari.pool.HikariPool        : HikariPool-2 - Thread starvation or clock leap detected (housekeeper delta=47m37s967ms).
2023-09-02T07:58:55.580+03:00  WARN 59424 --- [l-2 housekeeper] com.zaxxer.hikari.pool.HikariPool        : HikariPool-2 - Thread starvation or clock leap detected (housekeeper delta=1h3m55s973ms).
2023-09-02T09:39:01.983+03:00  WARN 59424 --- [l-2 housekeeper] com.zaxxer.hikari.pool.HikariPool        : HikariPool-2 - Thread starvation or clock leap detected (housekeeper delta=1h40m6s403ms).
2023-09-02T11:21:52.873+03:00  WARN 59424 --- [l-2 housekeeper] com.zaxxer.hikari.pool.HikariPool        : HikariPool-2 - Thread starvation or clock leap detected (housekeeper delta=1h42m50s890ms).
2023-09-02T12:47:55.162+03:00  WARN 59424 --- [l-2 housekeeper] com.zaxxer.hikari.pool.HikariPool        : HikariPool-2 - Thread starvation or clock leap detected (housekeeper delta=1h26m2s289ms).
2023-09-02T14:31:39.122+03:00  WARN 59424 --- [l-2 housekeeper] com.zaxxer.hikari.pool.HikariPool        : HikariPool-2 - Thread starvation or clock leap detected (housekeeper delta=1h43m43s961ms).
2023-09-02T16:07:45.863+03:00  WARN 59424 --- [l-2 housekeeper] com.zaxxer.hikari.pool.HikariPool        : HikariPool-2 - Thread starvation or clock leap detected (housekeeper delta=1h36m6s741ms).
2023-09-02T17:34:26.131+03:00  WARN 59424 --- [l-2 housekeeper] com.zaxxer.hikari.pool.HikariPool        : HikariPool-2 - Thread starvation or clock leap detected (housekeeper delta=1h26m40s264ms).
2023-09-02T19:16:11.964+03:00  WARN 59424 --- [l-2 housekeeper] com.zaxxer.hikari.pool.HikariPool        : HikariPool-2 - Thread starvation or clock leap detected (housekeeper delta=1h41m45s837ms).
2023-09-02T20:38:11.254+03:00  WARN 59424 --- [l-2 housekeeper] com.zaxxer.hikari.pool.HikariPool        : HikariPool-2 - Thread starvation or clock leap detected (housekeeper delta=1h21m59s289ms).
2023-09-02T22:15:11.165+03:00  WARN 59424 --- [l-2 housekeeper] com.zaxxer.hikari.pool.HikariPool        : HikariPool-2 - Thread starvation or clock leap detected (housekeeper delta=1h36m59s912ms).
2023-09-02T23:58:28.983+03:00  WARN 59424 --- [l-2 housekeeper] com.zaxxer.hikari.pool.HikariPool        : HikariPool-2 - Thread starvation or clock leap detected (housekeeper delta=1h43m17s818ms).
2023-09-03T01:20:15.307+03:00  WARN 59424 --- [l-2 housekeeper] com.zaxxer.hikari.pool.HikariPool        : HikariPool-2 - Thread starvation or clock leap detected (housekeeper delta=1h21m46s323ms).
2023-09-03T03:01:33.243+03:00  WARN 59424 --- [l-2 housekeeper] com.zaxxer.hikari.pool.HikariPool        : HikariPool-2 - Thread starvation or clock leap detected (housekeeper delta=1h41m17s937ms).
2023-09-03T04:38:43.148+03:00  WARN 59424 --- [l-2 housekeeper] com.zaxxer.hikari.pool.HikariPool        : HikariPool-2 - Thread starvation or clock leap detected (housekeeper delta=1h37m9s905ms).
2023-09-03T06:03:28.471+03:00  WARN 59424 --- [l-2 housekeeper] com.zaxxer.hikari.pool.HikariPool        : HikariPool-2 - Thread starvation or clock leap detected (housekeeper delta=1h24m45s323ms).
2023-09-03T07:07:37.002+03:00  WARN 59424 --- [l-2 housekeeper] com.zaxxer.hikari.pool.HikariPool        : HikariPool-2 - Thread starvation or clock leap detected (housekeeper delta=1h4m8s531ms).
2023-09-03T08:46:42.030+03:00  WARN 59424 --- [l-2 housekeeper] com.zaxxer.hikari.pool.HikariPool        : HikariPool-2 - Thread starvation or clock leap detected (housekeeper delta=1h39m5s28ms).
2023-09-03T10:25:58.979+03:00  WARN 59424 --- [l-2 housekeeper] com.zaxxer.hikari.pool.HikariPool        : HikariPool-2 - Thread starvation or clock leap detected (housekeeper delta=1h39m16s949ms).
2023-09-03T11:49:26.184+03:00  WARN 59424 --- [l-2 housekeeper] com.zaxxer.hikari.pool.HikariPool        : HikariPool-2 - Thread starvation or clock leap detected (housekeeper delta=1h23m27s204ms).
2023-09-03T13:13:28.881+03:00  WARN 59424 --- [l-2 housekeeper] com.zaxxer.hikari.pool.HikariPool        : HikariPool-2 - Thread starvation or clock leap detected (housekeeper delta=1h24m2s698ms).
2023-09-03T13:15:21.458+03:00  WARN 59424 --- [l-2 housekeeper] com.zaxxer.hikari.pool.HikariPool        : HikariPool-2 - Thread starvation or clock leap detected (housekeeper delta=1m22s553ms).
2023-09-03T13:48:18.601+03:00  WARN 59424 --- [l-2 housekeeper] com.zaxxer.hikari.pool.HikariPool        : HikariPool-2 - Thread starvation or clock leap detected (housekeeper delta=32m57s143ms).
2023-09-03T15:10:02.715+03:00  WARN 59424 --- [l-2 housekeeper] com.zaxxer.hikari.pool.HikariPool        : HikariPool-2 - Thread starvation or clock leap detected (housekeeper delta=1h21m44s113ms).
2023-09-03T16:52:53.613+03:00  WARN 59424 --- [l-2 housekeeper] com.zaxxer.hikari.pool.HikariPool        : HikariPool-2 - Thread starvation or clock leap detected (housekeeper delta=1h42m50s899ms).
2023-09-03T17:57:20.068+03:00  WARN 59424 --- [l-2 housekeeper] com.zaxxer.hikari.pool.HikariPool        : HikariPool-2 - Thread starvation or clock leap detected (housekeeper delta=1h4m26s454ms).
2023-09-03T19:18:49.180+03:00  WARN 59424 --- [l-2 housekeeper] com.zaxxer.hikari.pool.HikariPool        : HikariPool-2 - Thread starvation or clock leap detected (housekeeper delta=51m58s922ms).
2023-09-03T20:58:24.222+03:00  WARN 59424 --- [l-2 housekeeper] com.zaxxer.hikari.pool.HikariPool        : HikariPool-2 - Thread starvation or clock leap detected (housekeeper delta=1h39m35s42ms).
2023-09-03T22:22:07.539+03:00  WARN 59424 --- [l-2 housekeeper] com.zaxxer.hikari.pool.HikariPool        : HikariPool-2 - Thread starvation or clock leap detected (housekeeper delta=1h23m43s317ms).
2023-09-03T22:44:02.190+03:00  WARN 59424 --- [l-2 housekeeper] com.zaxxer.hikari.pool.HikariPool        : HikariPool-2 - Thread starvation or clock leap detected (housekeeper delta=21m54s650ms).
2023-09-04T00:03:52.572+03:00  WARN 59424 --- [l-2 housekeeper] com.zaxxer.hikari.pool.HikariPool        : HikariPool-2 - Thread starvation or clock leap detected (housekeeper delta=33m20s131ms).
2023-09-04T01:43:29.633+03:00  WARN 59424 --- [l-2 housekeeper] com.zaxxer.hikari.pool.HikariPool        : HikariPool-2 - Thread starvation or clock leap detected (housekeeper delta=1h39m37s62ms).
2023-09-04T03:07:00.962+03:00  WARN 59424 --- [l-2 housekeeper] com.zaxxer.hikari.pool.HikariPool        : HikariPool-2 - Thread starvation or clock leap detected (housekeeper delta=1h23m31s329ms).
2023-09-04T04:43:57.934+03:00  WARN 59424 --- [l-2 housekeeper] com.zaxxer.hikari.pool.HikariPool        : HikariPool-2 - Thread starvation or clock leap detected (housekeeper delta=1h36m56s972ms).
2023-09-04T06:20:54.038+03:00  WARN 59424 --- [l-2 housekeeper] com.zaxxer.hikari.pool.HikariPool        : HikariPool-2 - Thread starvation or clock leap detected (housekeeper delta=1h36m56s104ms).
2023-09-04T07:30:10.186+03:00  WARN 59424 --- [l-2 housekeeper] com.zaxxer.hikari.pool.HikariPool        : HikariPool-2 - Thread starvation or clock leap detected (housekeeper delta=1h9m16s148ms).
2023-09-04T09:07:01.282+03:00  WARN 59424 --- [l-2 housekeeper] com.zaxxer.hikari.pool.HikariPool        : HikariPool-2 - Thread starvation or clock leap detected (housekeeper delta=1h36m51s96ms).
2023-09-04T10:29:07.653+03:00  WARN 59424 --- [l-2 housekeeper] com.zaxxer.hikari.pool.HikariPool        : HikariPool-2 - Thread starvation or clock leap detected (housekeeper delta=1h22m6s371ms).
2023-09-04T11:20:50.349+03:00  WARN 59424 --- [l-2 housekeeper] com.zaxxer.hikari.pool.HikariPool        : HikariPool-2 - Thread starvation or clock leap detected (housekeeper delta=51m42s696ms).
2023-09-04T11:26:25.731+03:00  WARN 59424 --- [l-2 housekeeper] com.zaxxer.hikari.pool.HikariPool        : HikariPool-2 - Thread starvation or clock leap detected (housekeeper delta=2m5s353ms).
2023-09-04T12:08:46.377+03:00  WARN 59424 --- [l-2 housekeeper] com.zaxxer.hikari.pool.HikariPool        : HikariPool-2 - Thread starvation or clock leap detected (housekeeper delta=17m20s481ms).
2023-09-04T12:40:30.906+03:00  WARN 59424 --- [l-2 housekeeper] com.zaxxer.hikari.pool.HikariPool        : HikariPool-2 - Thread starvation or clock leap detected (housekeeper delta=31m44s529ms).
2023-09-04T12:58:10.937+03:00  WARN 59424 --- [l-2 housekeeper] com.zaxxer.hikari.pool.HikariPool        : HikariPool-2 - Thread starvation or clock leap detected (housekeeper delta=17m40s30ms).
Starting a Gradle Daemon, 1 busy Daemon could not be reused, use --status for details

> Task :openApiGenerate
################################################################################
# Thanks for using OpenAPI Generator.                                          #
# Please consider donation to help us maintain this project ðŸ™                 #
# https://opencollective.com/openapi_generator/donate                          #
################################################################################
Successfully generated code to /Users/jakamo/Desktop/akirolabs/tokenGenerator/backend/tokenGenerator/build/generated

> Task :processResources

> Task :compileKotlin
w: file:///Users/jakamo/Desktop/akirolabs/tokenGenerator/backend/tokenGenerator/src/main/kotlin/services/TokenApiServiceImpl.kt:19:32 The corresponding parameter in the supertype 'TokenApiService' is named 'requestBody'. This may cause problems when calling this function with named arguments.

> Task :compileJava NO-SOURCE
> Task :classes
> Task :resolveMainClassName

> Task :bootRun
2023-09-04T13:35:34.913+03:00  INFO 68415 --- [  restartedMain] a.t.TokenGeneratorApplicationKt            : Starting TokenGeneratorApplicationKt using Java 18.0.2 with PID 68415 (/Users/jakamo/Desktop/akirolabs/tokenGenerator/backend/tokenGenerator/build/classes/kotlin/main started by jakamo in /Users/jakamo/Desktop/akirolabs/tokenGenerator/backend/tokenGenerator)
2023-09-04T13:35:34.914+03:00  INFO 68415 --- [  restartedMain] a.t.TokenGeneratorApplicationKt            : The following 1 profile is active: "development"
2023-09-04T13:35:34.936+03:00  INFO 68415 --- [  restartedMain] .e.DevToolsPropertyDefaultsPostProcessor : Devtools property defaults active! Set 'spring.devtools.add-properties' to 'false' to disable
2023-09-04T13:35:34.936+03:00  INFO 68415 --- [  restartedMain] .e.DevToolsPropertyDefaultsPostProcessor : For additional web related logging consider setting the 'logging.level.web' property to 'DEBUG'
2023-09-04T13:35:35.226+03:00  INFO 68415 --- [  restartedMain] .s.d.r.c.RepositoryConfigurationDelegate : Bootstrapping Spring Data JPA repositories in DEFAULT mode.
2023-09-04T13:35:35.242+03:00  INFO 68415 --- [  restartedMain] .s.d.r.c.RepositoryConfigurationDelegate : Finished Spring Data repository scanning in 9 ms. Found 0 JPA repository interfaces.
2023-09-04T13:35:35.475+03:00  INFO 68415 --- [  restartedMain] o.s.b.w.embedded.tomcat.TomcatWebServer  : Tomcat initialized with port(s): 8180 (http)
2023-09-04T13:35:35.480+03:00  INFO 68415 --- [  restartedMain] o.apache.catalina.core.StandardService   : Starting service [Tomcat]
2023-09-04T13:35:35.480+03:00  INFO 68415 --- [  restartedMain] o.apache.catalina.core.StandardEngine    : Starting Servlet engine: [Apache Tomcat/10.1.7]
2023-09-04T13:35:35.506+03:00  INFO 68415 --- [  restartedMain] o.a.c.c.C.[Tomcat].[localhost].[/]       : Initializing Spring embedded WebApplicationContext
2023-09-04T13:35:35.506+03:00  INFO 68415 --- [  restartedMain] w.s.c.ServletWebServerApplicationContext : Root WebApplicationContext: initialization completed in 570 ms
2023-09-04T13:35:35.527+03:00  INFO 68415 --- [  restartedMain] com.zaxxer.hikari.HikariDataSource       : HikariPool-1 - Starting...
2023-09-04T13:35:35.601+03:00  INFO 68415 --- [  restartedMain] com.zaxxer.hikari.pool.HikariPool        : HikariPool-1 - Added connection conn0: url=jdbc:h2:mem:mydb user=SA
2023-09-04T13:35:35.601+03:00  INFO 68415 --- [  restartedMain] com.zaxxer.hikari.HikariDataSource       : HikariPool-1 - Start completed.
2023-09-04T13:35:35.606+03:00  INFO 68415 --- [  restartedMain] o.s.b.a.h2.H2ConsoleAutoConfiguration    : H2 console available at '/h2-console'. Database available at 'jdbc:h2:mem:mydb'
2023-09-04T13:35:35.656+03:00  INFO 68415 --- [  restartedMain] o.hibernate.jpa.internal.util.LogHelper  : HHH000204: Processing PersistenceUnitInfo [name: default]
2023-09-04T13:35:35.679+03:00  INFO 68415 --- [  restartedMain] org.hibernate.Version                    : HHH000412: Hibernate ORM core version 6.1.7.Final
2023-09-04T13:35:35.811+03:00  INFO 68415 --- [  restartedMain] SQL dialect                              : HHH000400: Using dialect: org.hibernate.dialect.H2Dialect
2023-09-04T13:35:35.921+03:00  INFO 68415 --- [  restartedMain] o.h.e.t.j.p.i.JtaPlatformInitiator       : HHH000490: Using JtaPlatform implementation: [org.hibernate.engine.transaction.jta.platform.internal.NoJtaPlatform]
2023-09-04T13:35:35.925+03:00  INFO 68415 --- [  restartedMain] j.LocalContainerEntityManagerFactoryBean : Initialized JPA EntityManagerFactory for persistence unit 'default'
2023-09-04T13:35:36.152+03:00  WARN 68415 --- [  restartedMain] o.s.b.d.a.OptionalLiveReloadServer       : Unable to start LiveReload server
2023-09-04T13:35:36.166+03:00  INFO 68415 --- [  restartedMain] o.s.b.w.embedded.tomcat.TomcatWebServer  : Tomcat started on port(s): 8180 (http) with context path ''
2023-09-04T13:35:36.171+03:00  INFO 68415 --- [  restartedMain] a.t.TokenGeneratorApplicationKt            : Started TokenGeneratorApplicationKt in 1.422 seconds (process running for 1.582)
2023-09-04T13:35:53.943+03:00  INFO 68415 --- [nio-8180-exec-1] o.a.c.c.C.[Tomcat].[localhost].[/]       : Initializing Spring DispatcherServlet 'dispatcherServlet'
2023-09-04T13:35:53.943+03:00  INFO 68415 --- [nio-8180-exec-1] o.s.web.servlet.DispatcherServlet        : Initializing Servlet 'dispatcherServlet'
2023-09-04T13:35:53.944+03:00  INFO 68415 --- [nio-8180-exec-1] o.s.web.servlet.DispatcherServlet        : Completed initialization in 1 ms
3354-3333-5533-3554
3333-5555-5544-5433
4344-3455-5435-4335
3543-3343-3444-4543
4353-3543-4434-4353
4353354344344353
1111222233334444
2023-09-04T13:46:59.912+03:00  WARN 68415 --- [l-1 housekeeper] com.zaxxer.hikari.pool.HikariPool        : HikariPool-1 - Thread starvation or clock leap detected (housekeeper delta=5m54s168ms).
Starting a Gradle Daemon, 2 busy Daemons could not be reused, use --status for details
> Task :openApiGenerate UP-TO-DATE
> Task :compileKotlin UP-TO-DATE
> Task :compileJava NO-SOURCE
> Task :processResources UP-TO-DATE
> Task :classes UP-TO-DATE
> Task :resolveMainClassName UP-TO-DATE

> Task :bootRun
2023-09-04T13:50:23.759+03:00  INFO 68682 --- [  restartedMain] a.t.TokenGeneratorApplicationKt            : Starting TokenGeneratorApplicationKt using Java 18.0.2 with PID 68682 (/Users/jakamo/Desktop/akirolabs/tokenGenerator/backend/tokenGenerator/build/classes/kotlin/main started by jakamo in /Users/jakamo/Desktop/akirolabs/tokenGenerator/backend/tokenGenerator)
2023-09-04T13:50:23.760+03:00  INFO 68682 --- [  restartedMain] a.t.TokenGeneratorApplicationKt            : The following 1 profile is active: "development"
2023-09-04T13:50:23.781+03:00  INFO 68682 --- [  restartedMain] .e.DevToolsPropertyDefaultsPostProcessor : Devtools property defaults active! Set 'spring.devtools.add-properties' to 'false' to disable
2023-09-04T13:50:23.781+03:00  INFO 68682 --- [  restartedMain] .e.DevToolsPropertyDefaultsPostProcessor : For additional web related logging consider setting the 'logging.level.web' property to 'DEBUG'
2023-09-04T13:50:24.170+03:00  INFO 68682 --- [  restartedMain] .s.d.r.c.RepositoryConfigurationDelegate : Bootstrapping Spring Data JPA repositories in DEFAULT mode.
2023-09-04T13:50:24.184+03:00  INFO 68682 --- [  restartedMain] .s.d.r.c.RepositoryConfigurationDelegate : Finished Spring Data repository scanning in 10 ms. Found 0 JPA repository interfaces.
2023-09-04T13:50:24.433+03:00  INFO 68682 --- [  restartedMain] o.s.b.w.embedded.tomcat.TomcatWebServer  : Tomcat initialized with port(s): 8180 (http)
2023-09-04T13:50:24.438+03:00  INFO 68682 --- [  restartedMain] o.apache.catalina.core.StandardService   : Starting service [Tomcat]
2023-09-04T13:50:24.438+03:00  INFO 68682 --- [  restartedMain] o.apache.catalina.core.StandardEngine    : Starting Servlet engine: [Apache Tomcat/10.1.7]
2023-09-04T13:50:24.465+03:00  INFO 68682 --- [  restartedMain] o.a.c.c.C.[Tomcat].[localhost].[/]       : Initializing Spring embedded WebApplicationContext
2023-09-04T13:50:24.466+03:00  INFO 68682 --- [  restartedMain] w.s.c.ServletWebServerApplicationContext : Root WebApplicationContext: initialization completed in 684 ms
2023-09-04T13:50:24.490+03:00  INFO 68682 --- [  restartedMain] com.zaxxer.hikari.HikariDataSource       : HikariPool-1 - Starting...
2023-09-04T13:50:24.576+03:00  INFO 68682 --- [  restartedMain] com.zaxxer.hikari.pool.HikariPool        : HikariPool-1 - Added connection conn0: url=jdbc:h2:mem:mydb user=SA
2023-09-04T13:50:24.577+03:00  INFO 68682 --- [  restartedMain] com.zaxxer.hikari.HikariDataSource       : HikariPool-1 - Start completed.
2023-09-04T13:50:24.581+03:00  INFO 68682 --- [  restartedMain] o.s.b.a.h2.H2ConsoleAutoConfiguration    : H2 console available at '/h2-console'. Database available at 'jdbc:h2:mem:mydb'
2023-09-04T13:50:24.636+03:00  INFO 68682 --- [  restartedMain] o.hibernate.jpa.internal.util.LogHelper  : HHH000204: Processing PersistenceUnitInfo [name: default]
2023-09-04T13:50:24.660+03:00  INFO 68682 --- [  restartedMain] org.hibernate.Version                    : HHH000412: Hibernate ORM core version 6.1.7.Final
2023-09-04T13:50:24.794+03:00  INFO 68682 --- [  restartedMain] SQL dialect                              : HHH000400: Using dialect: org.hibernate.dialect.H2Dialect
2023-09-04T13:50:24.907+03:00  INFO 68682 --- [  restartedMain] o.h.e.t.j.p.i.JtaPlatformInitiator       : HHH000490: Using JtaPlatform implementation: [org.hibernate.engine.transaction.jta.platform.internal.NoJtaPlatform]
2023-09-04T13:50:24.911+03:00  INFO 68682 --- [  restartedMain] j.LocalContainerEntityManagerFactoryBean : Initialized JPA EntityManagerFactory for persistence unit 'default'
2023-09-04T13:50:25.153+03:00  WARN 68682 --- [  restartedMain] o.s.b.d.a.OptionalLiveReloadServer       : Unable to start LiveReload server
2023-09-04T13:50:25.161+03:00  WARN 68682 --- [  restartedMain] ConfigServletWebServerApplicationContext : Exception encountered during context initialization - cancelling refresh attempt: org.springframework.context.ApplicationContextException: Failed to start bean 'webServerStartStop'
2023-09-04T13:50:25.162+03:00  INFO 68682 --- [  restartedMain] j.LocalContainerEntityManagerFactoryBean : Closing JPA EntityManagerFactory for persistence unit 'default'
2023-09-04T13:50:25.373+03:00  WARN 68682 --- [  restartedMain] o.s.b.f.support.DisposableBeanAdapter    : Invocation of destroy method failed on bean with name 'inMemoryDatabaseShutdownExecutor': org.h2.jdbc.JdbcSQLNonTransientConnectionException: Database is already closed (to disable automatic closing at VM shutdown, add ";DB_CLOSE_ON_EXIT=FALSE" to the db URL) [90121-214]
2023-09-04T13:50:25.374+03:00  INFO 68682 --- [  restartedMain] com.zaxxer.hikari.HikariDataSource       : HikariPool-1 - Shutdown initiated...
2023-09-04T13:50:25.376+03:00  INFO 68682 --- [  restartedMain] com.zaxxer.hikari.HikariDataSource       : HikariPool-1 - Shutdown completed.
2023-09-04T13:50:25.378+03:00  INFO 68682 --- [  restartedMain] o.apache.catalina.core.StandardService   : Stopping service [Tomcat]
2023-09-04T13:50:25.398+03:00  INFO 68682 --- [  restartedMain] .s.b.a.l.ConditionEvaluationReportLogger : 

Error starting ApplicationContext. To display the condition evaluation report re-run your application with 'debug' enabled.
2023-09-04T13:50:25.414+03:00 ERROR 68682 --- [  restartedMain] o.s.b.d.LoggingFailureAnalysisReporter   : 

***************************
APPLICATION FAILED TO START
***************************

Description:

Web server failed to start. Port 8180 was already in use.

Action:

Identify and stop the process that's listening on port 8180 or configure this application to listen on another port.


BUILD SUCCESSFUL in 5s
5 actionable tasks: 1 executed, 4 up-to-date
> Task :openApiGenerate UP-TO-DATE
> Task :compileKotlin UP-TO-DATE
> Task :compileJava NO-SOURCE
> Task :processResources UP-TO-DATE
> Task :classes UP-TO-DATE
> Task :resolveMainClassName UP-TO-DATE

> Task :bootRun
2023-09-04T13:51:50.888+03:00  INFO 68734 --- [  restartedMain] a.t.TokenGeneratorApplicationKt            : Starting TokenGeneratorApplicationKt using Java 18.0.2 with PID 68734 (/Users/jakamo/Desktop/akirolabs/tokenGenerator/backend/tokenGenerator/build/classes/kotlin/main started by jakamo in /Users/jakamo/Desktop/akirolabs/tokenGenerator/backend/tokenGenerator)
2023-09-04T13:51:50.889+03:00  INFO 68734 --- [  restartedMain] a.t.TokenGeneratorApplicationKt            : The following 1 profile is active: "development"
2023-09-04T13:51:50.910+03:00  INFO 68734 --- [  restartedMain] .e.DevToolsPropertyDefaultsPostProcessor : Devtools property defaults active! Set 'spring.devtools.add-properties' to 'false' to disable
2023-09-04T13:51:50.911+03:00  INFO 68734 --- [  restartedMain] .e.DevToolsPropertyDefaultsPostProcessor : For additional web related logging consider setting the 'logging.level.web' property to 'DEBUG'
2023-09-04T13:51:51.181+03:00  INFO 68734 --- [  restartedMain] .s.d.r.c.RepositoryConfigurationDelegate : Bootstrapping Spring Data JPA repositories in DEFAULT mode.
2023-09-04T13:51:51.194+03:00  INFO 68734 --- [  restartedMain] .s.d.r.c.RepositoryConfigurationDelegate : Finished Spring Data repository scanning in 9 ms. Found 0 JPA repository interfaces.
2023-09-04T13:51:51.412+03:00  INFO 68734 --- [  restartedMain] o.s.b.w.embedded.tomcat.TomcatWebServer  : Tomcat initialized with port(s): 8180 (http)
2023-09-04T13:51:51.417+03:00  INFO 68734 --- [  restartedMain] o.apache.catalina.core.StandardService   : Starting service [Tomcat]
2023-09-04T13:51:51.417+03:00  INFO 68734 --- [  restartedMain] o.apache.catalina.core.StandardEngine    : Starting Servlet engine: [Apache Tomcat/10.1.7]
2023-09-04T13:51:51.442+03:00  INFO 68734 --- [  restartedMain] o.a.c.c.C.[Tomcat].[localhost].[/]       : Initializing Spring embedded WebApplicationContext
2023-09-04T13:51:51.442+03:00  INFO 68734 --- [  restartedMain] w.s.c.ServletWebServerApplicationContext : Root WebApplicationContext: initialization completed in 531 ms
2023-09-04T13:51:51.464+03:00  INFO 68734 --- [  restartedMain] com.zaxxer.hikari.HikariDataSource       : HikariPool-1 - Starting...
2023-09-04T13:51:51.533+03:00  INFO 68734 --- [  restartedMain] com.zaxxer.hikari.pool.HikariPool        : HikariPool-1 - Added connection conn0: url=jdbc:h2:mem:mydb user=SA
2023-09-04T13:51:51.533+03:00  INFO 68734 --- [  restartedMain] com.zaxxer.hikari.HikariDataSource       : HikariPool-1 - Start completed.
2023-09-04T13:51:51.538+03:00  INFO 68734 --- [  restartedMain] o.s.b.a.h2.H2ConsoleAutoConfiguration    : H2 console available at '/h2-console'. Database available at 'jdbc:h2:mem:mydb'
2023-09-04T13:51:51.585+03:00  INFO 68734 --- [  restartedMain] o.hibernate.jpa.internal.util.LogHelper  : HHH000204: Processing PersistenceUnitInfo [name: default]
2023-09-04T13:51:51.605+03:00  INFO 68734 --- [  restartedMain] org.hibernate.Version                    : HHH000412: Hibernate ORM core version 6.1.7.Final
2023-09-04T13:51:51.732+03:00  INFO 68734 --- [  restartedMain] SQL dialect                              : HHH000400: Using dialect: org.hibernate.dialect.H2Dialect
2023-09-04T13:51:51.842+03:00  INFO 68734 --- [  restartedMain] o.h.e.t.j.p.i.JtaPlatformInitiator       : HHH000490: Using JtaPlatform implementation: [org.hibernate.engine.transaction.jta.platform.internal.NoJtaPlatform]
2023-09-04T13:51:51.846+03:00  INFO 68734 --- [  restartedMain] j.LocalContainerEntityManagerFactoryBean : Initialized JPA EntityManagerFactory for persistence unit 'default'
2023-09-04T13:51:52.067+03:00  INFO 68734 --- [  restartedMain] o.s.b.d.a.OptionalLiveReloadServer       : LiveReload server is running on port 35729
2023-09-04T13:51:52.074+03:00  WARN 68734 --- [  restartedMain] ConfigServletWebServerApplicationContext : Exception encountered during context initialization - cancelling refresh attempt: org.springframework.context.ApplicationContextException: Failed to start bean 'webServerStartStop'
2023-09-04T13:51:52.075+03:00  INFO 68734 --- [  restartedMain] j.LocalContainerEntityManagerFactoryBean : Closing JPA EntityManagerFactory for persistence unit 'default'
2023-09-04T13:51:52.284+03:00  WARN 68734 --- [  restartedMain] o.s.b.f.support.DisposableBeanAdapter    : Invocation of destroy method failed on bean with name 'inMemoryDatabaseShutdownExecutor': org.h2.jdbc.JdbcSQLNonTransientConnectionException: Database is already closed (to disable automatic closing at VM shutdown, add ";DB_CLOSE_ON_EXIT=FALSE" to the db URL) [90121-214]
2023-09-04T13:51:52.285+03:00  INFO 68734 --- [  restartedMain] com.zaxxer.hikari.HikariDataSource       : HikariPool-1 - Shutdown initiated...
2023-09-04T13:51:52.288+03:00  INFO 68734 --- [  restartedMain] com.zaxxer.hikari.HikariDataSource       : HikariPool-1 - Shutdown completed.
2023-09-04T13:51:52.289+03:00  INFO 68734 --- [  restartedMain] o.apache.catalina.core.StandardService   : Stopping service [Tomcat]
2023-09-04T13:51:52.307+03:00  INFO 68734 --- [  restartedMain] .s.b.a.l.ConditionEvaluationReportLogger : 

Error starting ApplicationContext. To display the condition evaluation report re-run your application with 'debug' enabled.
2023-09-04T13:51:52.321+03:00 ERROR 68734 --- [  restartedMain] o.s.b.d.LoggingFailureAnalysisReporter   : 

***************************
APPLICATION FAILED TO START
***************************

Description:

Web server failed to start. Port 8180 was already in use.

Action:

Identify and stop the process that's listening on port 8180 or configure this application to listen on another port.


BUILD SUCCESSFUL in 2s
5 actionable tasks: 1 executed, 4 up-to-date

> Task :bootRun FAILED

FAILURE: Build failed with an exception.

* What went wrong:
Execution failed for task ':bootRun'.
> Process 'command '/Users/jakamo/Library/Java/JavaVirtualMachines/corretto-18.0.2/Contents/Home/bin/java'' finished with non-zero exit value 137

* Try:
> Run with --stacktrace option to get the stack trace.
> Run with --info or --debug option to get more log output.
> Run with --scan to get full insights.

* Get more help at https://help.gradle.org

BUILD FAILED in 22m 20s
5 actionable tasks: 5 executed
