
> token-manager-app@0.1.0 start
> react-scripts start

(node:68242) [DEP_WEBPACK_DEV_SERVER_ON_AFTER_SETUP_MIDDLEWARE] DeprecationWarning: 'onAfterSetupMiddleware' option is deprecated. Please use the 'setupMiddlewares' option.
(Use `node --trace-deprecation ...` to show where the warning was created)
(node:68242) [DEP_WEBPACK_DEV_SERVER_ON_BEFORE_SETUP_MIDDLEWARE] DeprecationWarning: 'onBeforeSetupMiddleware' option is deprecated. Please use the 'setupMiddlewares' option.
Starting the development server...

Compiled successfully!

You can now view token-manager-app in the browser.

  Local:            http://localhost:3000
  On Your Network:  http://192.168.1.93:3000

Note that the development build is not optimized.
To create a production build, use npm run build.

webpack compiled successfully

> token-manager-app@0.1.0 start
> react-scripts start

Something is already running on port 3000.
nohup: PORT=8080: No such file or directory
nohup: PORT=8080: No such file or directory
nohup: PORT=8080: No such file or directory
nohup: PORT=8080: No such file or directory
nohup: PORT=8080: No such file or directory
nohup: PORT=8080: No such file or directory

> token-manager-app@0.1.0 start
> react-scripts start

(node:69142) [DEP_WEBPACK_DEV_SERVER_ON_AFTER_SETUP_MIDDLEWARE] DeprecationWarning: 'onAfterSetupMiddleware' option is deprecated. Please use the 'setupMiddlewares' option.
(Use `node --trace-deprecation ...` to show where the warning was created)
(node:69142) [DEP_WEBPACK_DEV_SERVER_ON_BEFORE_SETUP_MIDDLEWARE] DeprecationWarning: 'onBeforeSetupMiddleware' option is deprecated. Please use the 'setupMiddlewares' option.
Starting the development server...

Compiled successfully!

You can now view token-manager-app in the browser.

  Local:            http://localhost:3456
  On Your Network:  http://192.168.1.93:3456

Note that the development build is not optimized.
To create a production build, use npm run build.

webpack compiled successfully

> token-manager-app@0.1.0 start
> react-scripts start

(node:69270) [DEP_WEBPACK_DEV_SERVER_ON_AFTER_SETUP_MIDDLEWARE] DeprecationWarning: 'onAfterSetupMiddleware' option is deprecated. Please use the 'setupMiddlewares' option.
(Use `node --trace-deprecation ...` to show where the warning was created)
(node:69270) [DEP_WEBPACK_DEV_SERVER_ON_BEFORE_SETUP_MIDDLEWARE] DeprecationWarning: 'onBeforeSetupMiddleware' option is deprecated. Please use the 'setupMiddlewares' option.
Starting the development server...

Compiled successfully!

You can now view token-manager-app in the browser.

  Local:            http://localhost:8080
  On Your Network:  http://192.168.1.93:8080

Note that the development build is not optimized.
To create a production build, use npm run build.

webpack compiled successfully

> token-manager-app@0.1.0 start
> react-scripts start

(node:69401) [DEP_WEBPACK_DEV_SERVER_ON_AFTER_SETUP_MIDDLEWARE] DeprecationWarning: 'onAfterSetupMiddleware' option is deprecated. Please use the 'setupMiddlewares' option.
(Use `node --trace-deprecation ...` to show where the warning was created)
(node:69401) [DEP_WEBPACK_DEV_SERVER_ON_BEFORE_SETUP_MIDDLEWARE] DeprecationWarning: 'onBeforeSetupMiddleware' option is deprecated. Please use the 'setupMiddlewares' option.
Starting the development server...

Compiled successfully!

You can now view token-manager-app in the browser.

  Local:            http://localhost:8080
  On Your Network:  http://192.168.1.93:8080

Note that the development build is not optimized.
To create a production build, use npm run build.

webpack compiled successfully

> token-manager-app@0.1.0 start
> react-scripts start

(node:69554) [DEP_WEBPACK_DEV_SERVER_ON_AFTER_SETUP_MIDDLEWARE] DeprecationWarning: 'onAfterSetupMiddleware' option is deprecated. Please use the 'setupMiddlewares' option.
(Use `node --trace-deprecation ...` to show where the warning was created)
(node:69554) [DEP_WEBPACK_DEV_SERVER_ON_BEFORE_SETUP_MIDDLEWARE] DeprecationWarning: 'onBeforeSetupMiddleware' option is deprecated. Please use the 'setupMiddlewares' option.
Starting the development server...

Compiled successfully!

You can now view token-manager-app in the browser.

  Local:            http://localhost:8080
  On Your Network:  http://192.168.1.93:8080

Note that the development build is not optimized.
To create a production build, use npm run build.

webpack compiled successfully

> token-manager-app@0.1.0 start
> react-scripts start

(node:69702) [DEP_WEBPACK_DEV_SERVER_ON_AFTER_SETUP_MIDDLEWARE] DeprecationWarning: 'onAfterSetupMiddleware' option is deprecated. Please use the 'setupMiddlewares' option.
(Use `node --trace-deprecation ...` to show where the warning was created)
(node:69702) [DEP_WEBPACK_DEV_SERVER_ON_BEFORE_SETUP_MIDDLEWARE] DeprecationWarning: 'onBeforeSetupMiddleware' option is deprecated. Please use the 'setupMiddlewares' option.
Starting the development server...

Compiled successfully!

You can now view token-manager-app in the browser.

  Local:            http://localhost:8080
  On Your Network:  http://192.168.1.93:8080

Note that the development build is not optimized.
To create a production build, use npm run build.

webpack compiled successfully

> token-manager-app@0.1.0 start
> react-scripts start

(node:69902) [DEP_WEBPACK_DEV_SERVER_ON_AFTER_SETUP_MIDDLEWARE] DeprecationWarning: 'onAfterSetupMiddleware' option is deprecated. Please use the 'setupMiddlewares' option.
(Use `node --trace-deprecation ...` to show where the warning was created)
(node:69902) [DEP_WEBPACK_DEV_SERVER_ON_BEFORE_SETUP_MIDDLEWARE] DeprecationWarning: 'onBeforeSetupMiddleware' option is deprecated. Please use the 'setupMiddlewares' option.
Starting the development server...

Compiled successfully!

You can now view token-manager-app in the browser.

  Local:            http://localhost:8080
  On Your Network:  http://192.168.1.93:8080

Note that the development build is not optimized.
To create a production build, use npm run build.

webpack compiled successfully
Compiling...
Compiling...
Compiled successfully!
webpack compiled successfully
Compiled successfully!
webpack compiled successfully
Compiling...
Compiling...
Compiled successfully!
webpack compiled successfully
Compiled successfully!
webpack compiled successfully
Compiling...
Compiling...
Compiled successfully!
Compiled successfully!
webpack compiled successfully
webpack compiled successfully
Compiling...
Compiling...
Compiled successfully!
Compiled successfully!
webpack compiled successfully
webpack compiled successfully
Failed to compile.

Module not found: Error: Can't resolve '/Users/jakamo/Desktop/akirolabs/tokenManager/token-manager-app/node_modules/@pmmmwh/react-refresh-webpack-plugin/client/ReactRefreshEntry.js' in '/Users/jakamo/Desktop/akirolabs/tokenManager/token-manager-app'
ERROR in Module not found: Error: Can't resolve '/Users/jakamo/Desktop/akirolabs/tokenManager/token-manager-app/node_modules/@pmmmwh/react-refresh-webpack-plugin/client/ReactRefreshEntry.js' in '/Users/jakamo/Desktop/akirolabs/tokenManager/token-manager-app'

ERROR in Module not found: Error: Can't resolve '/Users/jakamo/Desktop/akirolabs/tokenManager/token-manager-app/node_modules/webpack-dev-server/client/index.js?protocol=ws%3A&hostname=0.0.0.0&port=3000&pathname=%2Fws&logging=none&overlay=%7B%22errors%22%3Atrue%2C%22warnings%22%3Afalse%7D&reconnect=10&hot=true&live-reload=true' in '/Users/jakamo/Desktop/akirolabs/tokenManager/token-manager-app'

ERROR in Module not found: Error: Can't resolve '/Users/jakamo/Desktop/akirolabs/tokenManager/token-manager-app/node_modules/webpack/hot/dev-server.js' in '/Users/jakamo/Desktop/akirolabs/tokenManager/token-manager-app'

ERROR in main
Module not found: Error: Can't resolve '/Users/jakamo/Desktop/akirolabs/tokenManager/token-manager-app/src/index.js' in '/Users/jakamo/Desktop/akirolabs/tokenManager/token-manager-app'

ERROR in Child compilation failed:
Module not found: Error: Can't resolve '/Users/jakamo/Desktop/akirolabs/tokenManager/token-manager-app/node_modules/html-webpack-plugin/lib/loader.js' in '/Users/jakamo/Desktop/akirolabs/tokenManager/token-manager-app'
ModuleNotFoundError: Module not found: Error: Can't resolve '/Users/jakamo/Desktop/akirolabs/tokenManager/token-manager-app/node_modules/html-webpack-plugin/lib/loader.js' in '/Users/jakamo/Desktop/akirolabs/tokenManager/token-manager-app'
    at /Users/jakamo/Desktop/akirolabs/tokenManager/token-manager-app/node_modules/webpack/lib/Compilation.js:2022:28
    at /Users/jakamo/Desktop/akirolabs/tokenManager/token-manager-app/node_modules/webpack/lib/NormalModuleFactory.js:817:13
    at eval (eval at create (/Users/jakamo/Desktop/akirolabs/tokenManager/token-manager-app/node_modules/tapable/lib/HookCodeFactory.js:33:10), <anonymous>:10:1)
    at /Users/jakamo/Desktop/akirolabs/tokenManager/token-manager-app/node_modules/webpack/lib/NormalModuleFactory.js:275:22
    at eval (eval at create (/Users/jakamo/Desktop/akirolabs/tokenManager/token-manager-app/node_modules/tapable/lib/HookCodeFactory.js:33:10), <anonymous>:9:1)
    at /Users/jakamo/Desktop/akirolabs/tokenManager/token-manager-app/node_modules/webpack/lib/NormalModuleFactory.js:448:22
    at /Users/jakamo/Desktop/akirolabs/tokenManager/token-manager-app/node_modules/webpack/lib/NormalModuleFactory.js:122:11
    at /Users/jakamo/Desktop/akirolabs/tokenManager/token-manager-app/node_modules/webpack/lib/NormalModuleFactory.js:654:23
    at /Users/jakamo/Desktop/akirolabs/tokenManager/token-manager-app/node_modules/neo-async/async.js:2830:7
    at done (/Users/jakamo/Desktop/akirolabs/tokenManager/token-manager-app/node_modules/neo-async/async.js:2925:13)

1 ERROR in child compilations (Use 'stats.children: true' resp. '--stats-children' for more details)
webpack compiled with 6 errors
